Build started 9/12/2014 10:09:40 AM.
     1>Project "C:\Users\TOANTV\Documents\Visual Studio 2008\Projects\av_rpc_demo - 2\av_server\av_server.vcxproj" on node 2 (Rebuild target(s)).
     1>ClCompile:
         C:\Program Files (x86)\Microsoft Visual Studio 12.0\VC\bin\CL.exe /c /ZI /nologo /W3 /WX- /Od /Oy- /D _MBCS /Gm /EHsc /RTC1 /MDd /GS /fp:precise /Zc:wchar_t /Zc:forScope /Fo"Debug\\" /Fd"Debug\vc120.pdb" /Gd /TP /analyze- /errorReport:prompt rpc_server.cpp server.cpp
         server.cpp
         rpc_server.cpp
         Generating Code...
       Link:
         C:\Program Files (x86)\Microsoft Visual Studio 12.0\VC\bin\link.exe /ERRORREPORT:PROMPT /OUT:"C:\Users\TOANTV\Documents\Visual Studio 2008\Projects\av_rpc_demo - 2\Debug\av_server.exe" /NOLOGO kernel32.lib user32.lib gdi32.lib winspool.lib comdlg32.lib advapi32.lib shell32.lib ole32.lib oleaut32.lib uuid.lib odbc32.lib odbccp32.lib /MANIFEST /MANIFESTUAC:"level='asInvoker' uiAccess='false'" /manifest:embed /DEBUG /PDB:"C:\Users\TOANTV\Documents\Visual Studio 2008\Projects\av_rpc_demo - 2\Debug\av_server.pdb" /TLBID:1 /DYNAMICBASE /NXCOMPAT /IMPLIB:"C:\Users\TOANTV\Documents\Visual Studio 2008\Projects\av_rpc_demo - 2\Debug\av_server.lib" /MACHINE:X86 /SAFESEH Debug\rpc_server.obj
         Debug\server.obj
     1>rpc_server.obj : warning LNK4075: ignoring '/EDITANDCONTINUE' due to '/SAFESEH' specification
     1>server.obj : error LNK2005: _AVInterface_v1_0_s_ifspec already defined in rpc_server.obj
     1>server.obj : error LNK2005: "struct _rpc_interface_MIDL_TYPE_FORMAT_STRING const rpc_interface__MIDL_TypeFormatString" (?rpc_interface__MIDL_TypeFormatString@@3U_rpc_interface_MIDL_TYPE_FORMAT_STRING@@B) already defined in rpc_server.obj
     1>server.obj : error LNK2005: "struct _rpc_interface_MIDL_PROC_FORMAT_STRING const rpc_interface__MIDL_ProcFormatString" (?rpc_interface__MIDL_ProcFormatString@@3U_rpc_interface_MIDL_PROC_FORMAT_STRING@@B) already defined in rpc_server.obj
     1>server.obj : error LNK2005: "struct _MIDL_SERVER_INFO_ const AVInterface_ServerInfo" (?AVInterface_ServerInfo@@3U_MIDL_SERVER_INFO_@@B) already defined in rpc_server.obj
     1>server.obj : error LNK2005: "struct RPC_DISPATCH_TABLE const AVInterface_v1_0_DispatchTable" (?AVInterface_v1_0_DispatchTable@@3URPC_DISPATCH_TABLE@@B) already defined in rpc_server.obj
     1>server.obj : error LNK2005: "struct _MIDL_STUB_DESC const AVInterface_StubDesc" (?AVInterface_StubDesc@@3U_MIDL_STUB_DESC@@B) already defined in rpc_server.obj
     1>rpc_server.obj : error LNK2001: unresolved external symbol _Output
     1>server.obj : error LNK2001: unresolved external symbol _Output
     1>rpc_server.obj : error LNK2001: unresolved external symbol _Count
     1>server.obj : error LNK2001: unresolved external symbol _Count
     1>C:\Users\TOANTV\Documents\Visual Studio 2008\Projects\av_rpc_demo - 2\Debug\av_server.exe : fatal error LNK1120: 2 unresolved externals
     1>Done Building Project "C:\Users\TOANTV\Documents\Visual Studio 2008\Projects\av_rpc_demo - 2\av_server\av_server.vcxproj" (Rebuild target(s)) -- FAILED.

Build FAILED.

Time Elapsed 00:00:36.24
